[Sun Aug 22 12:08:16 2021] ia rodilsia
[Sun Aug 22 12:08:16 2021] ia rodilsia2
[Sun Aug 22 12:08:16 2021] got code
[Sun Aug 22 12:08:16 2021] start send hui
[Sun Aug 22 12:08:17 2021] Successfully exchanged tokens
[Sun Aug 22 12:08:17 2021] {"token_type":"Bearer","expires_in":86400,"access_token":"eyJ0eXAiOiJKV1QiLCJhbGciOiJSUzI1NiIsImp0aSI6ImFlYmM1ZTExZjg4M2VlMWM4MWFlNDM5MzYyYmJjOTkwZTQyNjYxZmYzMDFiNjNjZWIzZTY3ZmNlMWQyMTdkNjBhZjU5ZjMzMDZiMzViYTgzIn0.eyJhdWQiOiIzNzg1OTkzNi05ZmEyLTRiODgtYjRkZS1hNjBkNzViYTcyMDkiLCJqdGkiOiJhZWJjNWUxMWY4ODNlZTFjODFhZTQzOTM2MmJiYzk5MGU0MjY2MWZmMzAxYjYzY2ViM2U2N2ZjZTFkMjE3ZDYwYWY1OWYzMzA2YjM1YmE4MyIsImlhdCI6MTYyOTYyMzI5MywibmJmIjoxNjI5NjIzMjkzLCJleHAiOjE2Mjk3MDk2OTMsInN1YiI6IjU3OTI2NzEiLCJhY2NvdW50X2lkIjoyODc4MDc5NSwic2NvcGVzIjpbInB1c2hfbm90aWZpY2F0aW9ucyIsImNybSIsIm5vdGlmaWNhdGlvbnMiXX0.Omg34PS3-QWETG1dYLBeWv9WefWv3dfW9bm96QzDh3hjb9bX-W-e6sSEO2C6xkdQqPviVJ8-BbO4FhqZFfssvVMbbqrkp8Tk8q74HaNB1GgogiRrRuhJ5Gi2TLWwvTGgld4uWxEVYOgdkj0xNR6A8oOSp4PNL_QjPUCvX6MqTAqBcnIuGWAjulsgIwp3cqe6z-JxCU5xPSmNFI4MO-kte3iqss1Vlu137uSruxZtJx5zd6nOKs0FvIPCjhyz9PPWT4-X91-Dlm9FZJXHzgkRkO8Ok2ycWcCpmyB57GjSFC7YC33OzI5bXEWH_3ID4HM0wH5-1uVnX37xPB2S4c5iZg","refresh_token":"def50200fa1b0aad694e7223a97ededc2bcfa56ef520430e7142c1c2cfe18a34252eaa9cf0bd017b2cae33084c7743e255b5eccd2f0c52fe211f19d1e5129805d29cca7b8a2fd932f62c32517d3a45f8cdb95ef48b7e99316ae1a48c810006aa202a89afb9308316381a1359bb7ebd74527de85b78d82ebf1aa613ddc6e34a1cc2cb46c552fb37166101499ce950e89e0faeabd3ebc147b169300f443282289d5602b6563f18b40c53c73d4f63957859ba573a34eb345a51e721ded74ccd39371f9fa1bc4559ca7ac46b9260dae92bebb4e558b190b7498a210f15fe97a329cce3149249e626697e7072029bcd208439c6004cc7679aadb830353120b9fefe4e98f99eb0f606f6804107fb4955560b0f2999d013dee8607d662fd347fd5445053ac6800ac398d5e396fd9a3801db625155c72d2066359b2a37f31362610ce679e3bd2ca119cd6518f79b40b1bd5fbb7898b182a4edbb1637e3272ba40d59f92236e30ddf760370da0d76d4005a025a4f1fb95089c3617de700309a351d2f97728a0a9ec3c7d4f5df7bb74860a3eceac25eb7cef88cd0edbf6b85774ba60bea5a4a867d8558d2a3d426ac4e2618d849ecf07943c67b8fafcc6b068dddf04d745decc213c2778e0b12ec89"}
[Sun Aug 22 12:45:24 2021] ia rodilsia
[Sun Aug 22 12:45:24 2021] ia rodilsia2
[Sun Aug 22 12:45:24 2021] got code
[Sun Aug 22 12:45:24 2021] start send hui
[Sun Aug 22 12:45:24 2021] Successfully exchanged tokens
[Sun Aug 22 12:45:24 2021] {"token_type":"Bearer","expires_in":86400,"access_token":"eyJ0eXAiOiJKV1QiLCJhbGciOiJSUzI1NiIsImp0aSI6IjUyYTBmZWYyNTg0NTU2OWQwNTkwYWM2NjY1ZWM3YTA0OTNmOTc1MWE2NzFiZDkzZTgxMTg2NGFlNjVlYzc2ZDJmYjMyZjQ0YmQ1ZmVhOGIwIn0.eyJhdWQiOiIzNzg1OTkzNi05ZmEyLTRiODgtYjRkZS1hNjBkNzViYTcyMDkiLCJqdGkiOiI1MmEwZmVmMjU4NDU1NjlkMDU5MGFjNjY2NWVjN2EwNDkzZjk3NTFhNjcxYmQ5M2U4MTE4NjRhZTY1ZWM3NmQyZmIzMmY0NGJkNWZlYThiMCIsImlhdCI6MTYyOTYyNTUyNCwibmJmIjoxNjI5NjI1NTI0LCJleHAiOjE2Mjk3MTE5MjQsInN1YiI6IjU3OTI2NzEiLCJhY2NvdW50X2lkIjoyODc4MDc5NSwic2NvcGVzIjpbInB1c2hfbm90aWZpY2F0aW9ucyIsImNybSIsIm5vdGlmaWNhdGlvbnMiXX0.f3DsrDgodLqKDHai9L0wJdU4ha72Z3WzIDXj8_UjkNjfjEHAkEwtEtjUJOflSic5rzmTYigAsDzFGlNeAK5oaOz-ALfvLdjxspxp_BoavJbosXkCg7o8-JKIfrzJRCf18BEDo90iuypvPwbNbJxqW4kz3zwaKqFBs90BhyE3KqpqWED_aNftCJG8iROUmONBAnF8uQp6HgQOdSXyaGXHTBuq_nUUKzFCbX5YTHQgSh9VZmdUY7tEa0Wuz1Bpom7ENhoWObijmblR72iF_j7VychVSeoRjBTYwyWwWoDahLAhbxmUhcQ1n59pnn8ZQ8m-PZB1iyHam5aa6kynxpGCLw","refresh_token":"def50200d7f4721ce551b620fefb223535522e4c04ebb00b0aa42abf2d402fcddd2039397161b3f19c2b0c70021ce232def1f46bfe1fc87a8d4bf53ab9c9302cee7802549a5dbc0d185cf7f56958e670b2d0a8815313bdc0e5fc6f7dfb58dc9aa938d0dfecadc8fe4e4ed27a459e9e143da4ba36b1e7341601a8611c48a653673aecde2c466f67c9becf2e83fa3dc67db1d0f354b513ff93ec4c536d6b141f7ba38fdbf38ba17a629fe5cfcd4307fe720f805955644540d01e811a3d5cb63df9713468fadd050fc8ae0042fd6057f479df1865e4b6b3ffdecaa5fac44fc4dc77bc0745d5f2f121da0f1f1c29fd09f83930a3c93d3fb4254712829f24e848e35ec1b788b3a24be84eda80019364c68675560e64e8953b92578466ddcf6cb5271a185ea1ba8d9516940f136e853ab1f7b9dd1be1c90af99f63a1fee4e71729c95ea9b080121f05704555ea7a5ff3e6b210a810a3c74586e127d21b1c522f853967945faa41ebd7ad9ad832793ec58154b8e862b3d6452b1ea93b0f0af4bc9e30071eed1739976a55cc362a477bfefac97df9cc1f6a8d0dce5de21d2cf461d1c535f8c26d42fb0c94c6c76ed0b36de76e52900353e3cc9b9eb752947e44d8566bdc1e4119f9c492e1c9c222"}
[Sun Aug 22 12:53:18 2021] ia rodilsia
[Sun Aug 22 12:53:18 2021] ia rodilsia2
[Sun Aug 22 12:53:18 2021] got code
[Sun Aug 22 12:53:18 2021] start send hui
[Sun Aug 22 12:53:18 2021] Bad request
[Sun Aug 22 12:54:45 2021] ia rodilsia
[Sun Aug 22 12:54:45 2021] ia rodilsia2
[Sun Aug 22 12:54:45 2021] got code
[Sun Aug 22 12:54:45 2021] start send hui
[Sun Aug 22 12:56:53 2021] ia rodilsia
[Sun Aug 22 12:56:53 2021] ia rodilsia2
[Sun Aug 22 12:56:53 2021] got code
[Sun Aug 22 12:56:53 2021] start send hui
[Sun Aug 22 12:56:54 2021] Bad request
[Sun Aug 22 12:57:38 2021] ia rodilsia
[Sun Aug 22 12:57:38 2021] ia rodilsia2
[Sun Aug 22 12:57:38 2021] got code
[Sun Aug 22 12:57:38 2021] start send hui
[Sun Aug 22 12:57:38 2021] Bad request
[Sun Aug 22 12:57:48 2021] ia rodilsia
[Sun Aug 22 12:57:48 2021] ia rodilsia2
[Sun Aug 22 12:57:48 2021] got code
[Sun Aug 22 12:57:48 2021] start send hui
[Sun Aug 22 12:57:48 2021] Bad request
[Sun Aug 22 12:58:53 2021] ia rodilsia
[Sun Aug 22 12:58:53 2021] ia rodilsia2
[Sun Aug 22 12:58:53 2021] got code
[Sun Aug 22 12:58:53 2021] start send hui
[Sun Aug 22 12:58:54 2021] Bad request
[Sun Aug 22 13:03:21 2021] ia rodilsia
[Sun Aug 22 13:03:21 2021] ia rodilsia2
[Sun Aug 22 13:03:21 2021] got code
[Sun Aug 22 13:03:21 2021] start send hui
[Sun Aug 22 13:03:22 2021] Bad request
[Sun Aug 22 13:10:37 2021] ia rodilsia
[Sun Aug 22 13:10:37 2021] ia rodilsia2
[Sun Aug 22 13:10:37 2021] got code
[Sun Aug 22 13:10:37 2021] start send hui
[Sun Aug 22 13:10:38 2021] Bad request
[Sun Aug 22 13:11:39 2021] ia rodilsia
[Sun Aug 22 13:11:39 2021] ia rodilsia2
[Sun Aug 22 13:11:39 2021] got code
[Sun Aug 22 13:11:39 2021] start send hui
[Sun Aug 22 13:11:39 2021] Bad request
[Sun Aug 22 13:11:39 2021] connected to db
[Sun Aug 22 13:11:39 2021] DB insert ok
[Sun Aug 22 13:15:31 2021] ia rodilsia
[Sun Aug 22 13:15:31 2021] ia rodilsia2
[Sun Aug 22 13:15:31 2021] got code
[Sun Aug 22 13:15:31 2021] start send hui
[Sun Aug 22 13:15:32 2021] Successfully exchanged tokens
[Sun Aug 22 13:15:32 2021] {"token_type":"Bearer","expires_in":86400,"access_token":"eyJ0eXAiOiJKV1QiLCJhbGciOiJSUzI1NiIsImp0aSI6ImYwOTQzYWJhNzU2N2JmMzZlMDg2MGE4NDk4YzRhMzI4Yzc4MjE1MzhlMWUxYWJjZTI4Y2U0YWZlMTA5YTEyNDQ2MWZhMmFiMmNiZmMwMTIyIn0.eyJhdWQiOiIzNzg1OTkzNi05ZmEyLTRiODgtYjRkZS1hNjBkNzViYTcyMDkiLCJqdGkiOiJmMDk0M2FiYTc1NjdiZjM2ZTA4NjBhODQ5OGM0YTMyOGM3ODIxNTM4ZTFlMWFiY2UyOGNlNGFmZTEwOWExMjQ0NjFmYTJhYjJjYmZjMDEyMiIsImlhdCI6MTYyOTYyNzMzMSwibmJmIjoxNjI5NjI3MzMxLCJleHAiOjE2Mjk3MTM3MzEsInN1YiI6IjU3OTI2NzEiLCJhY2NvdW50X2lkIjoyODc4MDc5NSwic2NvcGVzIjpbInB1c2hfbm90aWZpY2F0aW9ucyIsImNybSIsIm5vdGlmaWNhdGlvbnMiXX0.AbgMGCIaJXzjNyRSDabqiHqR7XScoYHnq9B1STP_ofQcFg0Om6tdAi34EesQaQ_QsJxTlaMmJFsmy8HADYQRWWc0NBqnKIjqFK0o7Y9mvIZgJfTUoCkiO31lInRagaNJgKzMpcGJOdt2e6Y8Mb__MqlcyeESH4MLYtsDF-ECy7Y1mn8L_XJ01vkmqAN3PKFei74qbXcLE_eC5TQDWgIAmPCqDtwUlfjX2Ouw8gvIte7-7to9mKjqj0Vrh7bSzzKrMhO-MenExDFQjskLcF0OEJdjmbcEvXnE4X4iFr7plPAi1-9_IUfdb-Z92Yg7OwHKNijPmOgA3PLWZfJllo1wtg","refresh_token":"def50200a653a0bb27c6e526e06c0012ff84388ed66c448c5e715268fda5a994657b2a9605fa62e0628e3ccc8e8d2519cb94bb6fb131d6a66e8c44aafb89670938951a675a62634d5e56155355f4a47dd0e4aabcebf5991f9e86de68c51db24501063cc23bd35876f08ce16e0e610ada3cfc1da435cd38fa9ce3a9744b0b15c01afdfe9e9c5fa5403115031fe6e6f8f941b78db3e8cee8ab4b549a8b9029642e5f28db2ab44e2879262084a3e1d1b9c26fea29376d74a87d6eb337af6339e80ca3705640bbbfae10f7f053bdb29d4fe6f2d585512b26b7072e951822b28aa58cb2e3ccd33665143c822a08e4037e3eab393758ae32a51db082f9272f2c1b934cf733541d9f250533eb743a46808e40918e9ce0899b6b18e0db29deff18f2d04b98f6019e96676815aa2498acbfe82207c9ca4142b3cbc9d67ec3c7340b7831c9d71102c26efe5e0b4225bd1674e4df1626300a224b194a8e9de5abc6804ac3606c47723a4b6dea8dcfc2d7150b298c3c111cfed925bcf7844dfadc1448189fd210ab37eded6de898a4469d1a21473a59420bf59e851678a786487f460262f2fadf2d47c24f4e8fe4a4f64ac575bfcb57a40ec0d897cecec2c01c77eb7e1c5b9988aa290462740b96e391"}
[Sun Aug 22 13:15:32 2021] connected to db
[Sun Aug 22 13:16:57 2021] ia rodilsia
[Sun Aug 22 13:16:57 2021] ia rodilsia2
[Sun Aug 22 13:16:57 2021] got code
[Sun Aug 22 13:16:57 2021] start send hui
[Sun Aug 22 13:16:58 2021] Successfully exchanged tokens
[Sun Aug 22 13:16:58 2021] {"token_type":"Bearer","expires_in":86400,"access_token":"eyJ0eXAiOiJKV1QiLCJhbGciOiJSUzI1NiIsImp0aSI6IjAzNTQ1YjY0YzlhMGM1MTJkN2ZjMWQ4ZjI0Y2RmNTI0YjVmYThlNDkwMDZjZDNiOWQxYWVlYWU1MTExYzdmMGVlMzhhNDg3MTA0Yzg4ZGNjIn0.eyJhdWQiOiIzNzg1OTkzNi05ZmEyLTRiODgtYjRkZS1hNjBkNzViYTcyMDkiLCJqdGkiOiIwMzU0NWI2NGM5YTBjNTEyZDdmYzFkOGYyNGNkZjUyNGI1ZmE4ZTQ5MDA2Y2QzYjlkMWFlZWFlNTExMWM3ZjBlZTM4YTQ4NzEwNGM4OGRjYyIsImlhdCI6MTYyOTYyNzQxNywibmJmIjoxNjI5NjI3NDE3LCJleHAiOjE2Mjk3MTM4MTcsInN1YiI6IjU3OTI2NzEiLCJhY2NvdW50X2lkIjoyODc4MDc5NSwic2NvcGVzIjpbInB1c2hfbm90aWZpY2F0aW9ucyIsImNybSIsIm5vdGlmaWNhdGlvbnMiXX0.o7-P-hkEmBieyXqneIMmfU9JthEKpJbNZfamm0vRtIGzjACjzyif36Bblmt7CmXeUizLvYHwf4EDH9lP4_2EB0hSFQe8Ke9RBGLuQtmyJzYRI8VKZCzpHtw8uemuEb09V21ZVJyEJoqqY7Ql6JkoYZL6w1KGJISYstqfgiqlFlcPVrNx5gUxHq3GbK-vjhoxtw0x3t33u4fmKDJJVE6VBooQGmcMvX1ByjyYj6XFI8MZICm2OZJaNhsNnGENB0y2c8_Vg5afqY3TBv7mHuXJCD-IKdnKS6JGBDMWvjuzFBt6MqjfWSV7eQZzG-xsUb60OhpVbXiwIuH-aqWzkNM4Jg","refresh_token":"def502001f1746e27dbfb72e1075b899eb265cb537e02563fe6e7e71012458575fbe1370f2fb2d2ca53d2f0f377a210ab51e27795ca72b002f6b8850872635d55d6ac141efcc24082e1251b834e5bdacb84c81257e9f44d3ef598eadef0aedd0a179c8dc24b42596967a956102a472e39a8bd591cd640211ee63006352c9b333d1f4804c9a6b3fadddf0edfffb7965f083ecfd96b0debdadb4e1dd676ee74ab9476e2987252e6bbcff24b9c91dd8282ce883a5045c5630a8a0e9e8c8c9423ef5a13405f956e8ae10af054878fcede4888157560d4b0c7d79c3b58733047c946577aebc4aced9fa1e4317cd226fd6a0e84554312be85f58552199f1f611ece00041fb5009a02c115924be266c83f4eb21335a838ef9c101c5aaf7a2fb6581d34e5ef1c5bcc3c2cae3f0164b4b10e13b1ece1fe75e8910b07c2317b445787c748fa6c2cb6b856095b7cc82cfdfcb19a8a745d3ddbe55e39566e8dca19f902be35f6b679237515c4ac04392c7ee563c73f49bc221a12469da93aa05297b4f5efa457b38ffb049d0def707fb2f29bff67207c537d48ff6db668aa4e1219b42c2f5a906bf966286a2d921aaa9d2968db8232f1f32a97b3e6155d5da8e3187791c504433f87a9eea263904d4de"}
[Sun Aug 22 13:16:58 2021] connected to db
[Sun Aug 22 13:18:18 2021] ia rodilsia
[Sun Aug 22 13:18:18 2021] ia rodilsia2
[Sun Aug 22 13:18:18 2021] got code
[Sun Aug 22 13:18:18 2021] start send hui
[Sun Aug 22 13:18:18 2021] Successfully exchanged tokens
[Sun Aug 22 13:18:18 2021] {"token_type":"Bearer","expires_in":86400,"access_token":"eyJ0eXAiOiJKV1QiLCJhbGciOiJSUzI1NiIsImp0aSI6ImI5ZTA0NGZiZTQyYTZjMDg2ZDNkMjM5Yjk2Y2I2ZmVlZWNiZWQ0Y2FjOGVlNmU5MzdmYzE0ZmE3MWFkNWY4MjkzMWEzZGU0ZWViNzE2NzBkIn0.eyJhdWQiOiIzNzg1OTkzNi05ZmEyLTRiODgtYjRkZS1hNjBkNzViYTcyMDkiLCJqdGkiOiJiOWUwNDRmYmU0MmE2YzA4NmQzZDIzOWI5NmNiNmZlZWVjYmVkNGNhYzhlZTZlOTM3ZmMxNGZhNzFhZDVmODI5MzFhM2RlNGVlYjcxNjcwZCIsImlhdCI6MTYyOTYyNzQ5OCwibmJmIjoxNjI5NjI3NDk4LCJleHAiOjE2Mjk3MTM4OTgsInN1YiI6IjU3OTI2NzEiLCJhY2NvdW50X2lkIjoyODc4MDc5NSwic2NvcGVzIjpbInB1c2hfbm90aWZpY2F0aW9ucyIsImNybSIsIm5vdGlmaWNhdGlvbnMiXX0.oDiZE0y8RZO7zAAmEoCy1jVnLx1tUsFrHth1g79HsH3B-gfWzztvmb1zreLDjiaOi7PDkLQ8ddXAm446wDzjffyrJFLl4ZpFiKeMakpkIl-SNaDEBRvZOOBo7qZ9Tl1jjhrKwFv9XeTpuBMO2iOEff0VXp9a5L2SqxvcgJqHLhM6A6NzbScg8zQCKxsl8SxD5er9qvOJxVWQGOKE-zlYS2t8bWV4oipXdtpQzi16_kt4bi415-YbhTcu2GAhQGSCZi5ixv1yYHZ-N-KPBAdqi5E8mucjTBHWfunrl35-LaWzV6NxPuQjJgP-QtcBGy8JuWWVvFiuhPjDQSZ-ngXBQw","refresh_token":"def502009418895ae6d0729cbec40f0c98515aaf8dfd3fb2d0d447a8129087d92442e888014b774878396cba344674fe5731afa4b479d7c74cfca0ebd6779a350890e0fbdbfdc71d7f65673323944bbc6a6cb97d6ba447faea4faba82aed613c1578ef4a355a088447eb77d0065747a3dee48bff040f7b86afa7006075859376e416e292714ef4f95026084b62defc758c0b5488b166cf57ea012aa12fcf21d92385cf361ef2d9fea8075e5374b5ab86ead3a41e00ad8da34021a248608b658fd36e3130ba485991e284f4fd9eff05e921bfbe805bf1d8151fce3677c06e229e7b9e219de124202fc67595d465417c452a3d5a51cf0fbdc853678c8a54872c73f68b7560dbc548b61d1590834978c91c80ab7d2a8e69d1064babccfc4da152f3541b8d8a514cf311fc344904f18c87997a66d9f2b1f08cecc0e02d063f5dad7da5ea627811ea9ed505200e52d8b1731dce10a2dae77132a7242df7d515a56046fc942e8d8fdd2aba76c36a91d9e79e473b3a5dd9212e8010646535a6953abe44231ce4e80639c6baba8fc678fc250d5c38ef8cd55ead2f4a9e1cc88edd7a4844376620214d9f3f986d742a5ad87c2f212494928bf4b3d487445d7124038d2ad43caca26aa9f4c1c4980f"}
[Sun Aug 22 13:18:18 2021] connected to db
[Sun Aug 22 13:18:18 2021] ran select
[Sun Aug 22 13:36:54 2021] ia rodilsia
[Sun Aug 22 13:36:54 2021] ia rodilsia2
[Sun Aug 22 13:36:54 2021] got code
[Sun Aug 22 13:36:54 2021] start send hui
[Sun Aug 22 13:36:55 2021] Successfully exchanged tokens
[Sun Aug 22 13:36:55 2021] {"token_type":"Bearer","expires_in":86400,"access_token":"eyJ0eXAiOiJKV1QiLCJhbGciOiJSUzI1NiIsImp0aSI6IjJmZWZjOTEyZDU0NjYwZjFmNTExYmFlYjY0OTdiY2MxZDhiZmNlMGYyMmJiYzExZWQ0YjMzOGQ1MWMzNjQ2NzhlNjYzM2Q0NjM2ODkzMzJmIn0.eyJhdWQiOiIzNzg1OTkzNi05ZmEyLTRiODgtYjRkZS1hNjBkNzViYTcyMDkiLCJqdGkiOiIyZmVmYzkxMmQ1NDY2MGYxZjUxMWJhZWI2NDk3YmNjMWQ4YmZjZTBmMjJiYmMxMWVkNGIzMzhkNTFjMzY0Njc4ZTY2MzNkNDYzNjg5MzMyZiIsImlhdCI6MTYyOTYyODYxNSwibmJmIjoxNjI5NjI4NjE1LCJleHAiOjE2Mjk3MTUwMTUsInN1YiI6IjU3OTI2NzEiLCJhY2NvdW50X2lkIjoyODc4MDc5NSwic2NvcGVzIjpbInB1c2hfbm90aWZpY2F0aW9ucyIsImNybSIsIm5vdGlmaWNhdGlvbnMiXX0.qfOJWz0Im0UJToZIJluUHyOomt49dgopVByAVv6mt35WXvHyWSvhrEBFEO3CLAzNh13NlU0mtQnc1VPBfnygP_NzpKGISUCmTjM60CKk6pBMUrATyKtxnkrKH51zINhRsqxfmZ8iegFxdAxIUOgAHQHytX4U1EXvM-eEvO2ZB85E0tnWUOsPfLCxxmqpJBvhX15mPCVT2xS1upF75osz6vHytflkKALSX-rntTHwb7M1sSEeB0Kg4hHBJVBSkQKNuUti44yRASx2W9yuuzsCKJW4Mr0O8lxLu2HWFhkzE3ZtiAeKu4pghQ2xBhQiFB69VXsbxKoFWuB-LR3PNaHwcA","refresh_token":"def50200e772583453693b85dd85793604ac759266a09d0aa2a24a9e6c010ba21a89a262e29a729618a4f3944a667df38f8fafe142be69aca153be31a39300baee42f85286bfe348b68afbdf9d72290df9c957da67f3be0e03dbeb89ece756e1a6bb25896650e47e3f9ad81e0d436fb83e3697e1bbb7c0f636e453a0554bd54edcb3b3ee36db7116d24b028370f70e07cee4a7ad3f7018a6ff39b6538affd6caa913564d262a50d6cf77d9d4f8758fb5c2c83ca266d25dc4d3a1f2be743522d3d456c8d3d4479d2ba8fb6a0ea1ad6517cebba2ea7334e6a27587ebd77b32b4895acf585a2effd19602f05213708dd1e3ba195e60ce175b7d6ee9575107ec6d391be2b8e91a6d2c492a5b6af8cdfad799e83139084e09483feb7bff8fb0422ebbcbbf3ac6d8e8e5e48c543cfd5a5f4957bc784af3657c8321e0a98a8e28e7bcc28d914e2e6673e9ad5dc2753904725928c73d153c7c7c3848ed508c821ff392e7a8eaa7c14260a84820fcbd7453eba4b0f20e1ef1e71754e10382c4370914b901b8fe63b369b1efebc1feca096d156df60f10b954b4340b3c2f5cbbafb51ec42800fdb1f1f79fb4279588aaf59abdb98d5de84ba04cdde2fd2b75fa84567c07af3ef599b4818c180d8a85"}
[Sun Aug 22 13:36:55 2021] connected to db
[Sun Aug 22 13:36:55 2021] ran select
[Sun Aug 22 13:41:16 2021] ia rodilsia
[Sun Aug 22 13:41:16 2021] ia rodilsia2
[Sun Aug 22 13:41:16 2021] got code
[Sun Aug 22 13:41:16 2021] start send hui
[Sun Aug 22 13:41:17 2021] Successfully exchanged tokens
[Sun Aug 22 13:41:17 2021] {"token_type":"Bearer","expires_in":86400,"access_token":"eyJ0eXAiOiJKV1QiLCJhbGciOiJSUzI1NiIsImp0aSI6IjMwZGI4NDZmNTNkOTU2OGZmZDhmMTAwZmRhYTA1MTRlNmEyMjE3NDdmODc1M2MwYmQ5NDI4YTYwY2M5ZjAwOTQ5Y2U2Y2RlYmZiMWQxMmYxIn0.eyJhdWQiOiIzNzg1OTkzNi05ZmEyLTRiODgtYjRkZS1hNjBkNzViYTcyMDkiLCJqdGkiOiIzMGRiODQ2ZjUzZDk1NjhmZmQ4ZjEwMGZkYWEwNTE0ZTZhMjIxNzQ3Zjg3NTNjMGJkOTQyOGE2MGNjOWYwMDk0OWNlNmNkZWJmYjFkMTJmMSIsImlhdCI6MTYyOTYyODg3NywibmJmIjoxNjI5NjI4ODc3LCJleHAiOjE2Mjk3MTUyNzcsInN1YiI6IjU3OTI2NzEiLCJhY2NvdW50X2lkIjoyODc4MDc5NSwic2NvcGVzIjpbInB1c2hfbm90aWZpY2F0aW9ucyIsImNybSIsIm5vdGlmaWNhdGlvbnMiXX0.PWAPtOdw-5_E_HozNTxvfX73_A6HMis74s_91FR_DjD7XSZXILtVSECtL-XZTOVgErrwoihjOE8qTGbFm2kKWldUJQyteNCeeKFQ1CUs56abwx5bpAxtbvyK1JSSHPOyrQS_UWkIOl-sfQW8ZW0IhZ5AuAV1BWxaQCYDnwXV5Qyyw107YOxt3aV6SNoyC2aJOzVHRyalcahaqKRCqaeshNxf3f9dmyGWT3yyVDKjtHqISLGtvdltw1ezvQe_O_-hwi3M36YMnpMLN1VdsNixPky0uS_T4hbcTQXKKeH80OsOwfQtFDFuvJC3vblK-vgb7MbQV-W-4FqL5Sl7o01AyA","refresh_token":"def5020080935f8be5b952c9da137039d2fbd67e65ed8da505ad53c8eea87c204990eb1d2a642848ccf43f65c810a4addc8867a8b2f5c8de3396939559e91b495b391187102fb670c1f4decca4b3ab952b17cd0ac11fe0eedc77396c9efcce69c1dcad7297b042a36144d33bba9ff187306ad44dac8311394148e3c4b2e2979eeb0d086803a9024d0f50778f764fb53f8e60aa954e0c8dc6b031d979979be91685e2ba4527e687e9c63baa4cd3329eee2f2604a654abda054679a6106b20ad9cad705a9e745f4c58492d7add4f18831813e05eceed84f6961f0fc2e4a5894002dfba2afab7db9f5ac62f6a0c219a7d7af4ca5edb2be6423993fdb877942ce7445e4a4ab52a85512b918c686a91c36d1aec768655784c5d31f9e68198de3d93453f829aff0f7c6b7ab31f4985827b44ec6b745427546b936790c8368245ff09b3b1f7948d6356adcd8b060babc6d96bd8c98f4cbf806d9454d2bfb8d1a804ba031ac522ffde0957ff2679d0e16d89253959f80132c6102d93c7a03eb9ce79e9a045ea7037bcb50a421bbc896600fd4694dbddac9b964baef043c8eaf5b8be175bec4e57c663d287f16ab5ac0bd6603b498c7f68bc44245a59f8e6a81c629aa8293e49671f373ba2087d3f"}
[Sun Aug 22 13:41:17 2021] connected to db
[Sun Aug 22 13:41:17 2021] ran select
[Sun Aug 22 13:43:08 2021] ia rodilsia
[Sun Aug 22 13:43:08 2021] ia rodilsia2
[Sun Aug 22 13:43:08 2021] got code
[Sun Aug 22 13:43:08 2021] start send hui
[Sun Aug 22 13:43:08 2021] Successfully exchanged tokens
[Sun Aug 22 13:43:08 2021] {"token_type":"Bearer","expires_in":86400,"access_token":"eyJ0eXAiOiJKV1QiLCJhbGciOiJSUzI1NiIsImp0aSI6ImI0YjEwNmQ3MmJlNjZiZjQ5ZjA3NmM2YjE3MDA5ODg2OWUyOWY4NGJlZTI3YWFmZWI0OTFkNjI4MDJmYmQ4YjhkMTlhZDFjMGJhNDZhY2UyIn0.eyJhdWQiOiIzNzg1OTkzNi05ZmEyLTRiODgtYjRkZS1hNjBkNzViYTcyMDkiLCJqdGkiOiJiNGIxMDZkNzJiZTY2YmY0OWYwNzZjNmIxNzAwOTg4NjllMjlmODRiZWUyN2FhZmViNDkxZDYyODAyZmJkOGI4ZDE5YWQxYzBiYTQ2YWNlMiIsImlhdCI6MTYyOTYyODk4OCwibmJmIjoxNjI5NjI4OTg4LCJleHAiOjE2Mjk3MTUzODgsInN1YiI6IjU3OTI2NzEiLCJhY2NvdW50X2lkIjoyODc4MDc5NSwic2NvcGVzIjpbInB1c2hfbm90aWZpY2F0aW9ucyIsImNybSIsIm5vdGlmaWNhdGlvbnMiXX0.AauP6df8YqUCy89SnghMCt9PqGfmszc-71-cCaKZhu_xsFFfszXEccFOFKXLyEjpr4yD32GSy-3w0XbAoTvd_VNyNFQifQ-RZQGYJia9rVE_LlIO12Le8hOVniHc-D1VxX-yfhYX3K9w40_ypIMa_V8hGnWrV49AvcCQNglddKDhoOk9f0CIg2Y5Hbq3yh-1qzR8jfeS66yIDCOvdFoPulPvEkIINxjTFJVKcHvke1EHqAHsdadPk1r5tRkruK__q06fFIdWWvsHFEUef_YNx26gDf5gu3v9V2aSf1LGkPjZnrpFCHWmm8vIqwwDtY1T9jSTWEtkMbUIoYCc_SSNeQ","refresh_token":"def502009b5797b51dfafeef6e254571c996d6ec11b1d650b3a54dc3979bb69cef136738153483043f3dcfb5b3aef0e2bfe475ca4b3bce18fb0c6cabafee3f35b3d27881848d3410ac5e7cf5188976e598d2f0f8305d7854bc69e16bafa82920e9e0f13325ede6e9f44b5ed5a3f480acc9af65c2b30249dbd6038d2a59ef81e9b841f881b7aba6edaa326d93511b07471e0b98ff7feb1ca48789d57f01b5e6d4bd94e1eb2e23863cdd94e0815b8e4c90a0c8b3ea7956ca8d87129dee199e81ebd1b11c2fae20f143e6e0777c25f5883fefdace0ba356ff62abc36cf5661d434c457e3295ca71eab53ccf7be6a12c87e9ff74e1d2c01833e32337086e4b32ca333eeb7dc39a713f71b4991cc90b22da81cd8f95e62a5adc589a7a2bdaae7ae67cdf9145fcc9492c20c588424fd5b24a550695ea64491e8d9335577cbeabcf00b6ae38131ad90581304d9e9037789e302602c003956a6ef0702317399b57b2215b96ce386faf9a43e20c00a33fe7650eadc2d7286ed9d25506ac315f253e5c4a208c3fb2d9452e25d4f6f04e5fefb3b3e5c2c3124a0c1cde3c0f836cfe185b634db238f027f7b37b40d14e5844550e016c5b8f141d87a3805883ed8b7fb85c43463f900fde11fb179bcd13"}
[Sun Aug 22 13:43:08 2021] connected to db
[Sun Aug 22 13:43:08 2021] ran select
[Sun Aug 22 13:45:58 2021] ia rodilsia
[Sun Aug 22 13:45:58 2021] ia rodilsia2
[Sun Aug 22 13:45:58 2021] got code
[Sun Aug 22 13:45:58 2021] start send hui
[Sun Aug 22 13:45:59 2021] Successfully exchanged tokens
[Sun Aug 22 13:45:59 2021] {"token_type":"Bearer","expires_in":86400,"access_token":"eyJ0eXAiOiJKV1QiLCJhbGciOiJSUzI1NiIsImp0aSI6ImE2NzFlODY5ZmNkMGZmNjU2YzNjOTA1YTk3MTljMDk3M2U1ZWE1ZGU2ZDFjZmI4N2Q4NTgzNTAyNzQxMWJhYjNlMTdiODY3NjE2YzNhMDAyIn0.eyJhdWQiOiIzNzg1OTkzNi05ZmEyLTRiODgtYjRkZS1hNjBkNzViYTcyMDkiLCJqdGkiOiJhNjcxZTg2OWZjZDBmZjY1NmMzYzkwNWE5NzE5YzA5NzNlNWVhNWRlNmQxY2ZiODdkODU4MzUwMjc0MTFiYWIzZTE3Yjg2NzYxNmMzYTAwMiIsImlhdCI6MTYyOTYyOTE1OSwibmJmIjoxNjI5NjI5MTU5LCJleHAiOjE2Mjk3MTU1NTksInN1YiI6IjU3OTI2NzEiLCJhY2NvdW50X2lkIjoyODc4MDc5NSwic2NvcGVzIjpbInB1c2hfbm90aWZpY2F0aW9ucyIsImNybSIsIm5vdGlmaWNhdGlvbnMiXX0.TkRSkpfCiVOqIez5_cwLSshyKz9QypTwBDakGhS6By65NV6NlCwG3X4oYDSPvEW_K2_dndqgaGH1Er7wv31aUzCvEMicU3iO_oSY54zr5QohVeJlnAH-55pVERwDfOozl_W1r8X_mB8LALxY-BkHT5-osoWpdl01seAN5MRG6S-EW-i4XhG3ue9pEokUK5-hJpTOXP8ZXz_c8k56vgmh_rtKI7AdbuXs0KEUHg6PZ7yGV8lCkfF14hN-D6D324FFKiSkTe-aHQt1Awd9XV-ybOcvWwi30WE2MQHHTxD3D7zA24SX3jYxaHL8wwjtEq9xD_wrSI6GvXSCFSbJTJoLDQ","refresh_token":"def50200c7022ab6b8df85531ed5c176ce54cdefdb1bde6a66b65ffc17dd8ee496da2aa58a00c97cecbb51d3d0a4acffb4aee930cd014b418af017ef3a2e00364786c83c22766131ba8a88be4920192db70274d8206bc30f79f06b59ca416c47c8e84338fa5c70d6801415c0c49ef8dcdedf65bf168362d17833a75d86d4e4105a553bd5b51347258f709d6ef84b5efff2506a012f4b38e956bec52b9a821f584e18da5898f55ebf3d7f36713806b22bee218cfe337b6a4c3ffe0fdd7eb6cebe4cf94d294a258ea593bb733e6b557107bcd8861e3bd12ace6bd6ac1e584b25004e83cf662ca49af69f980bfa5b28ae96162f17df1fd475107ae6b52d02da23e6bf2786c77c68b649275401b2fedfa755b2b830b8cd7151c4ffaa434f5ec7b05a3b204f6e1c92ef45c5e078a01d6ef56ef04b30383ec3fe44afcb3ab9474fd3d1f956e7f512099a636bfeb5ffef7920eeee16d416f81ae4e73d89b04039f5a44a8f61e10f00e8456c54cd916d6a7f48410804acd313c913105e94a9ca40ccf9b551ef0c78828b5fe04c6c5e236ed997de9a76e039424bbb4e6c9c2cd732e34a89fe18e0e52282c597423606fd44aa12c35b104a664c2746b9d9d05020e3af27796b98a5cc165de7a3406d"}
[Sun Aug 22 13:45:59 2021] 
[Sun Aug 22 13:45:59 2021] connected to db
[Sun Aug 22 13:45:59 2021] ran select
[Sun Aug 22 13:47:16 2021] ia rodilsia
[Sun Aug 22 13:47:16 2021] ia rodilsia2
[Sun Aug 22 13:47:16 2021] got code
[Sun Aug 22 13:47:16 2021] start send hui
[Sun Aug 22 13:47:16 2021] Successfully exchanged tokens
[Sun Aug 22 13:47:16 2021] {"token_type":"Bearer","expires_in":86400,"access_token":"eyJ0eXAiOiJKV1QiLCJhbGciOiJSUzI1NiIsImp0aSI6ImVmNDg3OGI0OTI5OWVjNDRjMTNmMzhmNzBhMThiZTJlNWZhNzQ3Njc5YTMwMjM3NzFhZDgwMzg2YjRmMjE5M2I4NmM5MTE5YWU5YWQyZTllIn0.eyJhdWQiOiIzNzg1OTkzNi05ZmEyLTRiODgtYjRkZS1hNjBkNzViYTcyMDkiLCJqdGkiOiJlZjQ4NzhiNDkyOTllYzQ0YzEzZjM4ZjcwYTE4YmUyZTVmYTc0NzY3OWEzMDIzNzcxYWQ4MDM4NmI0ZjIxOTNiODZjOTExOWFlOWFkMmU5ZSIsImlhdCI6MTYyOTYyOTIzNiwibmJmIjoxNjI5NjI5MjM2LCJleHAiOjE2Mjk3MTU2MzYsInN1YiI6IjU3OTI2NzEiLCJhY2NvdW50X2lkIjoyODc4MDc5NSwic2NvcGVzIjpbInB1c2hfbm90aWZpY2F0aW9ucyIsImNybSIsIm5vdGlmaWNhdGlvbnMiXX0.FI4LSRfzyO4ffHiv3HwRR9BMjZ4u-jy77VT45YUM1nOpJ6r2OEg6LLgxpgQxW5YrSXGf7EXGSHwpg8vLS_lQ8b_oaatxDesUO_iR0qmMZnmhRm77fC4bdkVKg31xDgXlvkHeBPxGM4LP_x9oyicY9pTKD9hODarn9Lo9u4VKTZBRDeE6FapFZqSdkasHBM2L9xoib1GSy6XhwZgz9MtdqiwQ7Q9w9VJsqwX35rMuka3r3uruAQVxRpMEsQx0wlKGeOiGajAFQ2k1sG2OnH7vxeaf2_yYARjTGvYGh9bujOZKib8bxJdP4cALXH4flTw1Wm_cK2z4efgV87SRZFZeHw","refresh_token":"def502005203c4fa6d8b27c6eaf9dc33f98a650df88e89b5559128f4ad31bb550668d594fa952b722cecf6a3a5d3e20850039700106b0afa00999993d7ee246ed9c3e211ec62f82bf7506c93c6ad06d1635427ec6ab468a1f04805d9d1b1004e2dda6aa77db70ce683ad81aed5efac6df9e6a0f24b3223a1d1e85db81b693459bed5087688df5a65b9e08a8f5921f713ea6b5a683f300c7ed8eab7a5b69a207cdc4bdedca667ea5a8c3d50df8ec56a545092a9ba80d1c6020a6a5b06ea7135eeb5d9eca8197e704d6530ee6759cb34477a7dbf19a5cd191d5cce16b55565cba121b9e0b311a228fc6281ce8ba0fa7874e9ada52dc3f083c9825ef3c236a7f243a67c74be73fd8631e140e41178d8996f61af0453854715e336459f884ad3a776d2fb3b0c6a0adaa0179257f30632618d2929626b6f1c8dcd07feaebe95cf84989d93614c57a989b291eb265a68d922abcb899b40cbccc58eebc1ee6324c1c9a3e7fba74630ca5521981f906a3dbf8552397581ac89c18f103c7711d2add94ac7be464b0566e6b07c59d24614d89f0826cd1c486c00701e1630b0243a2cc2f60bb1ba322ed8c572cb50f23ceacbdbd99e4480dad50c7ee6fae6c98a71853a325302bb1c2cba6a9b5eab2a"}
[Sun Aug 22 13:47:16 2021] Array
(
    [access_token] => {
    [refresh_token] => {
    [expires] => {
    [base_domain] => nikitav.amocrm.com
    [client_id] => 37859936-9fa2-4b88-b4de-a60d75ba7209
)

[Sun Aug 22 13:47:16 2021] connected to db
[Sun Aug 22 13:47:16 2021] ran select
[Sun Aug 22 13:51:09 2021] ia rodilsia
[Sun Aug 22 13:51:09 2021] ia rodilsia2
[Sun Aug 22 13:51:09 2021] got code
[Sun Aug 22 13:51:09 2021] start send hui
[Sun Aug 22 13:51:10 2021] Successfully exchanged tokens
[Sun Aug 22 13:51:10 2021] {"token_type":"Bearer","expires_in":86400,"access_token":"eyJ0eXAiOiJKV1QiLCJhbGciOiJSUzI1NiIsImp0aSI6IjY4ODgzYzQwMWEzNGZiNzlkZjM4M2IwOGE4YzkzODdmYTFjOWE1ZmQ3ZGEzNDM2ZTY0YTc3MjY0NmU5Y2IxZWZjZTM1ZDNiZGFiNTg5ODAwIn0.eyJhdWQiOiIzNzg1OTkzNi05ZmEyLTRiODgtYjRkZS1hNjBkNzViYTcyMDkiLCJqdGkiOiI2ODg4M2M0MDFhMzRmYjc5ZGYzODNiMDhhOGM5Mzg3ZmExYzlhNWZkN2RhMzQzNmU2NGE3NzI2NDZlOWNiMWVmY2UzNWQzYmRhYjU4OTgwMCIsImlhdCI6MTYyOTYyOTQ3MCwibmJmIjoxNjI5NjI5NDcwLCJleHAiOjE2Mjk3MTU4NzAsInN1YiI6IjU3OTI2NzEiLCJhY2NvdW50X2lkIjoyODc4MDc5NSwic2NvcGVzIjpbInB1c2hfbm90aWZpY2F0aW9ucyIsImNybSIsIm5vdGlmaWNhdGlvbnMiXX0.lr8EHRAmZZl84RJgR8-BDLIUAV7FPW_IRIIe7yxSuWcMuf85viO4p4yntDTQqNIglVJ40I4TTpO0bRBabfGH4zbCz92Cf2efcUtOswjwwM5MMDOi7p9KbUeF50hsDYEnKE5sPNRGuFhgwQWJ0xUYT-WMag76HF_uN-fuwwuz3ybq2EMhkLCmgw6Or1dVpWsK0wfmb2t7vIYbyMrOqnQqheqnykI5E6XJY7apv4xPGY4rI68jy5uWaG8ND4t0ta2kHyByb8q4fHRXJ65Z4GTM8a_rP6Pb_Tv9cf8B__fV7X2aa0uv4enowEwcvDm3kkYAl0XIbtTD5KxIKMu10i8MGw","refresh_token":"def5020076e004ffd75b951cdc60687d2a03745c104d98adf2bdd57f26d7106aece75c6a54755fd8cce2003f4cd598733efdc387d318e81a5f28212e7063d5fb1335ab13a88be49b1118a5da49116ef17c41d4e5854f94a369b70d8ed81f22e8f1633173b53297bce135618879708fc225ed1ef32dd9531a8a7adfa5095c89f6d79dc58460b8a9d43060c3133f5a4330e6860234803a2ed5a9132e9105431fe3c690da15091b84ef1170bfd811a9119af4d6486bcda5895e31fde6dec5472b24e2749b80b78dd63a0237f66b0f5c62785b919922dfcec095d6d839d56c5f66bc5b00f5e9393d30c8c77cf3f5229be8ca04781c06064df553f7799c9b4e622722cd412df344c61d98a522e427d77210c079926d8a989ff43deac87fd24df57497d31ee7d298410b083a5ceab61cb7feb3d8517b0aa51da1e1c071b38ee6357375cb81b7e79072bb72d3d26c483cdde8bbf32cc4453f05bcec9db25331a688db35ccc20166edf1d408585c0259768302607e096ba031daf492a959f21341e0e52a249866fedebcaa14bc5a669fc5b8593eff073c2c3d1f7258ef8c8c39216fff907be713f37129e7525d3bd05f90f78d28292925c54920379b7ad9f86f541fadead0f32bbca7012bc2d1e8"}
[Sun Aug 22 13:51:10 2021] Array
(
    [access_token] => eyJ0eXAiOiJKV1QiLCJhbGciOiJSUzI1NiIsImp0aSI6IjY4ODgzYzQwMWEzNGZiNzlkZjM4M2IwOGE4YzkzODdmYTFjOWE1ZmQ3ZGEzNDM2ZTY0YTc3MjY0NmU5Y2IxZWZjZTM1ZDNiZGFiNTg5ODAwIn0.eyJhdWQiOiIzNzg1OTkzNi05ZmEyLTRiODgtYjRkZS1hNjBkNzViYTcyMDkiLCJqdGkiOiI2ODg4M2M0MDFhMzRmYjc5ZGYzODNiMDhhOGM5Mzg3ZmExYzlhNWZkN2RhMzQzNmU2NGE3NzI2NDZlOWNiMWVmY2UzNWQzYmRhYjU4OTgwMCIsImlhdCI6MTYyOTYyOTQ3MCwibmJmIjoxNjI5NjI5NDcwLCJleHAiOjE2Mjk3MTU4NzAsInN1YiI6IjU3OTI2NzEiLCJhY2NvdW50X2lkIjoyODc4MDc5NSwic2NvcGVzIjpbInB1c2hfbm90aWZpY2F0aW9ucyIsImNybSIsIm5vdGlmaWNhdGlvbnMiXX0.lr8EHRAmZZl84RJgR8-BDLIUAV7FPW_IRIIe7yxSuWcMuf85viO4p4yntDTQqNIglVJ40I4TTpO0bRBabfGH4zbCz92Cf2efcUtOswjwwM5MMDOi7p9KbUeF50hsDYEnKE5sPNRGuFhgwQWJ0xUYT-WMag76HF_uN-fuwwuz3ybq2EMhkLCmgw6Or1dVpWsK0wfmb2t7vIYbyMrOqnQqheqnykI5E6XJY7apv4xPGY4rI68jy5uWaG8ND4t0ta2kHyByb8q4fHRXJ65Z4GTM8a_rP6Pb_Tv9cf8B__fV7X2aa0uv4enowEwcvDm3kkYAl0XIbtTD5KxIKMu10i8MGw
    [refresh_token] => def5020076e004ffd75b951cdc60687d2a03745c104d98adf2bdd57f26d7106aece75c6a54755fd8cce2003f4cd598733efdc387d318e81a5f28212e7063d5fb1335ab13a88be49b1118a5da49116ef17c41d4e5854f94a369b70d8ed81f22e8f1633173b53297bce135618879708fc225ed1ef32dd9531a8a7adfa5095c89f6d79dc58460b8a9d43060c3133f5a4330e6860234803a2ed5a9132e9105431fe3c690da15091b84ef1170bfd811a9119af4d6486bcda5895e31fde6dec5472b24e2749b80b78dd63a0237f66b0f5c62785b919922dfcec095d6d839d56c5f66bc5b00f5e9393d30c8c77cf3f5229be8ca04781c06064df553f7799c9b4e622722cd412df344c61d98a522e427d77210c079926d8a989ff43deac87fd24df57497d31ee7d298410b083a5ceab61cb7feb3d8517b0aa51da1e1c071b38ee6357375cb81b7e79072bb72d3d26c483cdde8bbf32cc4453f05bcec9db25331a688db35ccc20166edf1d408585c0259768302607e096ba031daf492a959f21341e0e52a249866fedebcaa14bc5a669fc5b8593eff073c2c3d1f7258ef8c8c39216fff907be713f37129e7525d3bd05f90f78d28292925c54920379b7ad9f86f541fadead0f32bbca7012bc2d1e8
    [expires] => 86400
    [base_domain] => nikitav.amocrm.com
    [client_id] => 37859936-9fa2-4b88-b4de-a60d75ba7209
)

[Sun Aug 22 13:51:10 2021] connected to db
[Sun Aug 22 13:51:10 2021] ran select
[Sun Aug 22 13:51:10 2021] DB insert ok
[Fri Aug 27 15:17:47 2021] built API Client
1
[Fri Aug 27 15:19:41 2021] built API Client
1
[Fri Aug 27 15:19:41 2021] Exchanging old access token on script.php
[Fri Aug 27 15:27:35 2021] built API Client

[Fri Aug 27 15:27:35 2021] Exchanging old access token on script.php
[Fri Aug 27 15:28:31 2021] built API Client

[Fri Aug 27 15:28:31 2021] Exchanging old access token on script.php
[Fri Aug 27 15:45:46 2021] built API Client
[Fri Aug 27 15:45:46 2021] Exchanging old access token on script.php
[Fri Aug 27 16:03:46 2021] built API Client
[Fri Aug 27 16:03:46 2021] Exchanging old access token on script.php
[Fri Aug 27 16:05:38 2021] built API Client
[Fri Aug 27 16:05:38 2021] Exchanging old access token on script.php
[Fri Aug 27 16:45:55 2021] built API Client
[Fri Aug 27 16:45:55 2021] Exchanging old access token on script.php
[Fri Aug 27 16:50:27 2021] built API Client
[Fri Aug 27 16:50:27 2021] Exchanging old access token on script.php
[Fri Aug 27 17:00:01 2021] built API Client
[Fri Aug 27 17:00:01 2021] Exchanging old access token on script.php
[Fri Aug 27 17:01:21 2021] built API Client
[Fri Aug 27 17:01:21 2021] Exchanging old access token on script.php
[Fri Aug 27 17:23:16 2021] built API Client
[Fri Aug 27 17:23:16 2021] Exchanging old access token on script.php
[Fri Aug 27 17:25:03 2021] built API Client
[Fri Aug 27 17:25:03 2021] Exchanging old access token on script.php
[Fri Aug 27 17:49:26 2021] built API Client
[Fri Aug 27 17:49:26 2021] Exchanging old access token on script.php
[Fri Aug 27 19:51:04 2021] built API Client
[Fri Aug 27 19:51:04 2021] Exchanging old access token on script.php
[Fri Aug 27 20:17:51 2021] built API Client
[Fri Aug 27 20:17:51 2021] Exchanging old access token on script.php
[Fri Aug 27 20:19:29 2021] built API Client
[Fri Aug 27 20:19:29 2021] Exchanging old access token on script.php
[Fri Aug 27 20:20:19 2021] built API Client
[Fri Aug 27 20:20:19 2021] Exchanging old access token on script.php
[Fri Aug 27 20:22:54 2021] built API Client
[Fri Aug 27 20:22:54 2021] Exchanging old access token on script.php
[Fri Aug 27 20:23:16 2021] built API Client
[Fri Aug 27 20:23:16 2021] Exchanging old access token on script.php
[Fri Aug 27 20:24:45 2021] built API Client
[Fri Aug 27 20:24:45 2021] Exchanging old access token on script.php
[Fri Aug 27 20:25:30 2021] built API Client
[Fri Aug 27 20:25:30 2021] Exchanging old access token on script.php
[Fri Aug 27 20:25:41 2021] built API Client
[Fri Aug 27 20:25:41 2021] Exchanging old access token on script.php
[Fri Aug 27 20:25:42 2021] Exchange ok
[Fri Aug 27 20:27:46 2021] built API Client
[Fri Aug 27 20:27:46 2021] Exchanging old access token on script.php
[Fri Aug 27 20:27:46 2021] Exchange ok
[Fri Aug 27 20:29:47 2021] built API Client
[Fri Aug 27 20:29:47 2021] Exchanging old access token on script.php
[Fri Aug 27 20:29:47 2021] Exchange ok
[Fri Aug 27 20:32:56 2021] built API Client
[Fri Aug 27 20:32:56 2021] Exchanging old access token on script.php
[Fri Aug 27 20:32:59 2021] Exchange ok
[Fri Aug 27 20:47:46 2021] built API Client
[Fri Aug 27 20:47:46 2021] Exchanging old access token on script.php
[Fri Aug 27 20:47:47 2021] Exchange ok
[Fri Aug 27 20:48:49 2021] built API Client
[Fri Aug 27 20:48:49 2021] Exchanging old access token on script.php
[Fri Aug 27 20:48:50 2021] Exchange ok
[Fri Aug 27 20:49:58 2021] built API Client
[Fri Aug 27 20:49:58 2021] Exchanging old access token on script.php
[Fri Aug 27 20:49:59 2021] Exchange ok
[Fri Aug 27 20:54:14 2021] built API Client
[Fri Aug 27 20:54:14 2021] Exchanging old access token on script.php
[Fri Aug 27 20:54:15 2021] Exchange ok
[Fri Aug 27 20:56:10 2021] built API Client
[Fri Aug 27 20:56:10 2021] Exchanging old access token on script.php
[Fri Aug 27 20:56:10 2021] Exchange ok
[Fri Aug 27 20:56:23 2021] built API Client
[Fri Aug 27 20:56:23 2021] Exchanging old access token on script.php
[Fri Aug 27 20:56:23 2021] Exchange ok
[Fri Aug 27 20:59:10 2021] built API Client
[Fri Aug 27 20:59:10 2021] Exchanging old access token on script.php
[Fri Aug 27 20:59:11 2021] Exchange ok
[Fri Aug 27 21:24:46 2021] built API Client
[Fri Aug 27 21:24:46 2021] Exchanging old access token on script.php
[Fri Aug 27 21:24:46 2021] Exchange ok
[Fri Aug 27 21:25:28 2021] built API Client
[Fri Aug 27 21:30:42 2021] built API Client
[Fri Aug 27 21:33:02 2021] built API Client
[Fri Aug 27 21:40:59 2021] built API Client
[Fri Aug 27 21:42:33 2021] built API Client
